Arguments: 
  /Users/pickrusu/.nodebrew/node/v8.11.3/bin/node /Users/pickrusu/.nodebrew/current/bin/yarn install

PATH: 
  /Users/pickrusu/.pyenv/shims:/Users/pickrusu/.pyenv/bin:/Users/pickrusu/.goenv/shims:/Users/pickrusu/.goenv/bin:/usr/local/opt/imagemagick@6/bin:/usr/local/opt/mysql@5.7/bin:/Users/pickrusu/.rbenv/shims:/Users/pickrusu/.rbenv/bin:/Users/pickrusu/.nodebrew/current/bin:/Users/pickrusu/.rbenv/shims:/Users/pickrusu/.pyenv/shims:/Users/pickrusu/.pyenv/bin:/Users/pickrusu/.goenv/shims:/Users/pickrusu/.goenv/bin:/usr/local/opt/imagemagick@6/bin:/usr/local/opt/mysql@5.7/bin:/Users/pickrusu/.rbenv/shims:/Users/pickrusu/.rbenv/bin:/Users/pickrusu/.nodebrew/current/bin:/Users/pickrusu/.rbenv/shims:/usr/local/bin:/usr/local/sbin:/usr/bin:/bin:/usr/sbin:/sbin:/Users/pickrusu/workspace/go/bin:/Users/pickrusu/workspace/go/bin

Yarn version: 
  1.7.0

Node version: 
  8.11.3

Platform: 
  darwin x64

Trace: 
  SyntaxError: /Users/pickrusu/workspace/github-pages/pocke777.github.io/package.json: Unexpected token } in JSON at position 1928
      at JSON.parse (<anonymous>)
      at /Users/pickrusu/.nodebrew/node/v8.11.3/lib/node_modules/yarn/lib/cli.js:1130:59
      at Generator.next (<anonymous>)
      at step (/Users/pickrusu/.nodebrew/node/v8.11.3/lib/node_modules/yarn/lib/cli.js:98:30)
      at /Users/pickrusu/.nodebrew/node/v8.11.3/lib/node_modules/yarn/lib/cli.js:109:13
      at <anonymous>

npm manifest: 
  {
    "name": "trunk-school",
    "version": "1.0.0",
    "license": "UNLICENSED",
    "private": true,
    "scripts": {
      "build": "gulp build --mode production",
      "start": "gulp --mode development",
      "doc": "gulp doc"
    },
    "devDependencies": {
      "babel-loader": "^7.1.4",
      "babel-plugin-transform-runtime": "^6.23.0",
      "babel-preset-env": "^1.6.1",
      "browser-sync": "^2.24.6",
      "compression-webpack-plugin": "^1.1.12",
      "css-loader": "^0.28.11",
      "css-mqpacker": "^6.0.2",
      "cssnext": "^1.8.4",
      "documentation": "^8.0.2",
      "ejs-loader": "^0.3.1",
      "eslint": "^5.2.0",
      "eslint-loader": "^2.1.0",
      "extract-text-webpack-plugin": "next",
      "file-loader": "^1.1.11",
      "glob": "^7.1.2",
      "gulp": "^3.9.1",
      "gulp-clean-css": "^3.10.0",
      "gulp-documentation": "^3.2.1",
      "gulp-ejs": "^3.1.3",
      "gulp-gzip": "^1.4.2",
      "gulp-htmlmin": "^4.0.0",
      "gulp-minify-ejs": "^1.0.3",
      "gulp-pleeease": "^2.0.2",
      "gulp-postcss": "^7.0.1",
      "gulp-pug": "^4.0.1",
      "gulp-rename": "^1.4.0",
      "gulp-sass": "^4.0.1",
      "gulp-sass-glob": "^1.0.9",
      "gulp-sass-lint": "^1.4.0",
      "html-loader": "^0.5.5",
      "html-webpack-plugin": "^4.0.0-alpha",
      "marked": "^0.5.0",
      "minimist": "^1.2.0",
      "node-sass": "^4.8.3",
      "portfinder": "^1.0.13",
      "postcss-cssnext": "^3.1.0",
      "postcss-loader": "^2.1.3",
      "pug": "^2.0.3",
      "pug-plain-loader": "^1.0.0",
      "query-string": "5",
      "read-config": "^2.0.0",
      "sass-loader": "^6.0.7",
      "style-loader": "^0.23.0",
      "uglifyjs-webpack-plugin": "^1.3.0",
      "underscore-template-loader": "^1.0.0",
      "webpack": "^4.4.1",
      "webpack-cli": "^2.0.13",
      "webpack-stream": "^5.0.0"
    },
    "babel": {
      "presets": [
        "env"
      ],
      "plugins": [
        "transform-runtime"
      ]
    },
    "dependencies": {
      "axios": "^0.18.0",
      "lodash": "^4.17.10",
      "page": "^1.8.6",
    }
  }

yarn manifest: 
  No manifest

Lockfile: 
  No lockfile
